<?xml version="1.0" encoding="UTF-8"?>
<testsuite name="MyGameTest" tests="1" skipped="0" failures="0" errors="0" timestamp="2016-04-20T23:43:28" hostname="epicodus-117.local" time="0.0">
  <properties/>
  <testcase name="GameTest_shouldCheckIfWordsAreReplaced_true" classname="MyGameTest" time="0.0"/>
  <system-out><![CDATA[]]></system-out>
  <system-err><![CDATA[]]></system-err>
</testsuite>
